<?xml version="1.0" encoding="UTF-8" ?>
<testsuite errors="0" failures="0" hostname="AmIts-MacBook-Pro.local" name="auctionhaus.CustomerTests" tests="3" time="1.085" timestamp="2012-02-15T06:16:35">
  <properties />
  <testcase classname="auctionhaus.CustomerTests" name="testCustomerRequiredFields" time="0.93" />
  <testcase classname="auctionhaus.CustomerTests" name="testCustomerValidEmail" time="0.071" />
  <testcase classname="auctionhaus.CustomerTests" name="testCustomerValidPassword" time="0.044" />
  <system-out><![CDATA[--Output from testCustomerRequiredFields--
--Output from testCustomerValidEmail--
--Output from testCustomerValidPassword--
]]></system-out>
  <system-err><![CDATA[--Output from testCustomerRequiredFields--
--Output from testCustomerValidEmail--
--Output from testCustomerValidPassword--
]]></system-err>
</testsuite>
