<?xml version="1.0" encoding="UTF-8" ?>
<testsuite errors="0" failures="0" hostname="Hennepins-MacBook-Pro.local" name="auctionhaus.BidTests" tests="4" time="0.735" timestamp="2012-02-16T03:01:04">
  <properties />
  <testcase classname="auctionhaus.BidTests" name="testBidNullFieldsCauseError" time="0.592" />
  <testcase classname="auctionhaus.BidTests" name="testBidNonNullFieldsOK" time="0.041" />
  <testcase classname="auctionhaus.BidTests" name="testBidListingNullCausesError" time="0.022" />
  <testcase classname="auctionhaus.BidTests" name="testBidListingNonNullOK" time="0.059" />
  <system-out><![CDATA[]]></system-out>
  <system-err><![CDATA[--Output from testBidNullFieldsCauseError--
--Output from testBidNonNullFieldsOK--
--Output from testBidListingNullCausesError--
--Output from testBidListingNonNullOK--
]]></system-err>
</testsuite>
