<?xml version="1.0" encoding="UTF-8" ?>
<testsuite errors="0" failures="0" hostname="AmIts-MacBook-Pro.local" name="auctionhaus.CustomerIntegrationTestTests" tests="2" time="0.387" timestamp="2012-02-17T07:22:48">
  <properties />
  <testcase classname="auctionhaus.CustomerIntegrationTestTests" name="testUniqueEmailError" time="0.346" />
  <testcase classname="auctionhaus.CustomerIntegrationTestTests" name="testUniqueEmailOK" time="0.038" />
  <system-out><![CDATA[--Output from testUniqueEmailError--
--Output from testUniqueEmailOK--
]]></system-out>
  <system-err><![CDATA[--Output from testUniqueEmailError--
--Output from testUniqueEmailOK--
]]></system-err>
</testsuite>
