<?xml version="1.0" encoding="UTF-8" ?>
<testsuite errors="0" failures="0" hostname="AmIts-MacBook-Pro.local" name="auctionhaus.CustomerTests" tests="6" time="0.958" timestamp="2012-02-17T07:22:38">
  <properties />
  <testcase classname="auctionhaus.CustomerTests" name="testCustomerNullFieldsCauseError" time="0.105" />
  <testcase classname="auctionhaus.CustomerTests" name="testCustomerNonNullFieldsOK" time="0.708" />
  <testcase classname="auctionhaus.CustomerTests" name="testCustomerEmailOK" time="0.024" />
  <testcase classname="auctionhaus.CustomerTests" name="testCustomerEmailError" time="0.032" />
  <testcase classname="auctionhaus.CustomerTests" name="testCustomerPasswordError" time="0.027" />
  <testcase classname="auctionhaus.CustomerTests" name="testCustomerPasswordOK" time="0.019" />
  <system-out><![CDATA[--Output from testCustomerNullFieldsCauseError--
--Output from testCustomerNonNullFieldsOK--
--Output from testCustomerEmailOK--
--Output from testCustomerEmailError--
--Output from testCustomerPasswordError--
--Output from testCustomerPasswordOK--
]]></system-out>
  <system-err><![CDATA[--Output from testCustomerNullFieldsCauseError--
--Output from testCustomerNonNullFieldsOK--
--Output from testCustomerEmailOK--
--Output from testCustomerEmailError--
--Output from testCustomerPasswordError--
--Output from testCustomerPasswordOK--
]]></system-err>
</testsuite>
